<?xml version="1.0" encoding="UTF-8"?>
<!-- Generated by org.testng.reporters.JUnitReportReporter -->
<testsuite hostname="DESKTOP-RF9SRMM" failures="0" tests="2" name="TestRunner.RunnerTest" time="25.336" errors="0" timestamp="18 Jan 2024 12:27:46 GMT" skipped="0">
  <testcase classname="TestRunner.RunnerTest" name="runScenario" time="1.192"/>
  <testcase classname="TestRunner.RunnerTest" name="runScenario" time="24.144"/>
</testsuite> <!-- TestRunner.RunnerTest -->
