<?xml version="1.0" encoding="UTF-8"?>
<!-- Generated by org.testng.reporters.JUnitReportReporter -->
<testsuite hostname="DESKTOP-CC2S1RC" failures="0" tests="2" name="TestRunner.RunnerTest" time="13.588" errors="0" timestamp="18 Jan 2024 12:14:02 GMT" skipped="0">
  <testcase classname="TestRunner.RunnerTest" name="runScenario" time="1.001"/>
  <testcase classname="TestRunner.RunnerTest" name="runScenario" time="12.587"/>
</testsuite> <!-- TestRunner.RunnerTest -->
