<?xml version="1.0" encoding="UTF-8"?>
<!-- Generated by org.testng.reporters.JUnitReportReporter -->
<testsuite hostname="DESKTOP-SU3DCJV" failures="0" tests="2" name="TestRunner.RunnerTest" time="15.447" errors="0" timestamp="18 Jan 2024 16:58:10 GMT" skipped="0">
  <testcase classname="TestRunner.RunnerTest" name="runScenario" time="14.625"/>
  <testcase classname="TestRunner.RunnerTest" name="runScenario" time="0.822"/>
</testsuite> <!-- TestRunner.RunnerTest -->
