<?xml version="1.0" encoding="UTF-8"?>
<!-- Generated by org.testng.reporters.JUnitReportReporter -->
<testsuite hostname="DESKTOP-SU3DCJV" failures="0" tests="1" name="TestRunner.RunnerTest" time="15.264" errors="0" timestamp="18 Jan 2024 11:03:20 GMT" skipped="0">
  <testcase classname="TestRunner.RunnerTest" name="runScenario" time="15.264"/>
</testsuite> <!-- TestRunner.RunnerTest -->
